2021/05/02 19:33:47 [INFO] Terraform version: 0.14.9  
2021/05/02 19:33:47 [INFO] Go runtime version: go1.15.6
2021/05/02 19:33:47 [INFO] CLI args: []string{"/usr/local/bin/terraform", "apply", "-auto-approve"}
2021/05/02 19:33:47 [DEBUG] Attempting to open CLI config file: /Users/summit/.terraformrc
2021/05/02 19:33:47 [DEBUG] File doesn't exist, but doesn't need to. Ignoring.
2021/05/02 19:33:47 [DEBUG] checking for credentials in "/Users/summit/.terraform.d/plugins"
2021/05/02 19:33:47 [DEBUG] ignoring non-existing provider search directory terraform.d/plugins
2021/05/02 19:33:47 [DEBUG] will search for provider plugins in /Users/summit/.terraform.d/plugins
2021/05/02 19:33:47 [TRACE] getproviders.SearchLocalDirectory: /Users/summit/.terraform.d/plugins is a symlink to /Users/summit/.terraform.d/plugins
2021/05/02 19:33:47 [TRACE] getproviders.SearchLocalDirectory: found hashicorp.com/edu/hashicups v0.2.0 for darwin_amd64 at /Users/summit/.terraform.d/plugins/hashicorp.com/edu/hashicups/0.2/darwin_amd64
2021/05/02 19:33:47 [TRACE] getproviders.SearchLocalDirectory: found hashicorp.com/edu/hashicups v0.3.1 for darwin_amd64 at /Users/summit/.terraform.d/plugins/hashicorp.com/edu/hashicups/0.3.1/darwin_amd64
2021/05/02 19:33:47 [TRACE] getproviders.SearchLocalDirectory: found hashicorp.com/edu/testapi v0.2.0 for darwin_amd64 at /Users/summit/.terraform.d/plugins/hashicorp.com/edu/testapi/0.2/darwin_amd64
2021/05/02 19:33:47 [TRACE] getproviders.SearchLocalDirectory: found hashicorp.com/edu/testapi v0.2.0 for darwin_amd64 at /Users/summit/.terraform.d/plugins/hashicorp.com/edu/testapi/0.2.0/darwin_amd64
2021/05/02 19:33:47 [TRACE] getproviders.SearchLocalDirectory: found localhost/edu/testapi v0.2.0 for darwin_amd64 at /Users/summit/.terraform.d/plugins/localhost/edu/testapi/0.2/darwin_amd64
2021/05/02 19:33:47 [TRACE] getproviders.SearchLocalDirectory: found monday.com/dev/monday v0.2.0 for darwin_amd64 at /Users/summit/.terraform.d/plugins/monday.com/dev/monday/0.2/darwin_amd64
2021/05/02 19:33:47 [TRACE] getproviders.SearchLocalDirectory: found todoist.com/dev/todoist v0.1.0 for darwin_amd64 at /Users/summit/.terraform.d/plugins/todoist.com/dev/todoist/0.1/darwin_amd64
2021/05/02 19:33:47 [TRACE] getproviders.SearchLocalDirectory: found todoist.com/dev/todoist v0.2.0 for darwin_amd64 at /Users/summit/.terraform.d/plugins/todoist.com/dev/todoist/0.2/darwin_amd64
2021/05/02 19:33:47 [DEBUG] ignoring non-existing provider search directory /Users/summit/Library/Application Support/io.terraform/plugins
2021/05/02 19:33:47 [DEBUG] ignoring non-existing provider search directory /Library/Application Support/io.terraform/plugins
2021/05/02 19:33:47 [INFO] CLI command args: []string{"apply", "-auto-approve"}
2021/05/02 19:33:47 [TRACE] Meta.Backend: no config given or present on disk, so returning nil config
2021/05/02 19:33:47 [TRACE] Meta.Backend: backend has not previously been initialized in this working directory
2021/05/02 19:33:47 [DEBUG] New state was assigned lineage "f20fa5c4-ae4c-3132-79c2-b44a3032e8c7"
2021/05/02 19:33:47 [TRACE] Meta.Backend: using default local state only (no backend configuration, and no existing initialized backend)
2021/05/02 19:33:47 [TRACE] Meta.Backend: instantiated backend of type <nil>
2021/05/02 19:33:47 [TRACE] providercache.fillMetaCache: scanning directory .terraform/providers
2021/05/02 19:33:47 [TRACE] getproviders.SearchLocalDirectory: .terraform/providers is a symlink to .terraform/providers
2021/05/02 19:33:47 [TRACE] getproviders.SearchLocalDirectory: found todoist.com/dev/todoist v0.1.0 for darwin_amd64 at .terraform/providers/todoist.com/dev/todoist/0.1.0/darwin_amd64
2021/05/02 19:33:47 [TRACE] providercache.fillMetaCache: including .terraform/providers/todoist.com/dev/todoist/0.1.0/darwin_amd64 as a candidate package for todoist.com/dev/todoist 0.1.0
2021/05/02 19:33:47 [DEBUG] checking for provisioner in "."
2021/05/02 19:33:47 [DEBUG] checking for provisioner in "/usr/local/bin"
2021/05/02 19:33:47 [DEBUG] checking for provisioner in "/Users/summit/.terraform.d/plugins"
2021/05/02 19:33:47 [INFO] Failed to read plugin lock file .terraform/plugins/darwin_amd64/lock.json: open .terraform/plugins/darwin_amd64/lock.json: no such file or directory
2021/05/02 19:33:47 [TRACE] Meta.Backend: backend <nil> does not support operations, so wrapping it in a local backend
2021/05/02 19:33:47 [INFO] backend/local: starting Apply operation
2021/05/02 19:33:47 [TRACE] backend/local: requesting state manager for workspace "default"
2021/05/02 19:33:47 [TRACE] backend/local: state manager for workspace "default" will:
 - read initial snapshot from terraform.tfstate
 - write new snapshots to terraform.tfstate
 - create any backup at terraform.tfstate.backup
2021/05/02 19:33:47 [TRACE] backend/local: requesting state lock for workspace "default"
2021/05/02 19:33:47 [TRACE] statemgr.Filesystem: preparing to manage state snapshots at terraform.tfstate
2021/05/02 19:33:47 [TRACE] statemgr.Filesystem: existing snapshot has lineage "4f1db60c-0653-8be5-c923-ba28fc78b1f6" serial 29
2021/05/02 19:33:47 [TRACE] statemgr.Filesystem: locking terraform.tfstate using fcntl flock
2021/05/02 19:33:47 [TRACE] statemgr.Filesystem: writing lock metadata to .terraform.tfstate.lock.info
2021/05/02 19:33:47 [TRACE] backend/local: reading remote state for workspace "default"
2021/05/02 19:33:47 [TRACE] statemgr.Filesystem: reading latest snapshot from terraform.tfstate
2021/05/02 19:33:47 [TRACE] statemgr.Filesystem: read snapshot with lineage "4f1db60c-0653-8be5-c923-ba28fc78b1f6" serial 29
2021/05/02 19:33:47 [TRACE] backend/local: retrieving local state snapshot for workspace "default"
2021/05/02 19:33:47 [TRACE] backend/local: building context for current working directory
2021/05/02 19:33:47 [TRACE] terraform.NewContext: starting
2021/05/02 19:33:47 [TRACE] terraform.NewContext: loading provider schemas
2021/05/02 19:33:47 [TRACE] LoadSchemas: retrieving schema for provider type "todoist.com/dev/todoist"
2021-05-02T19:33:47.547-0500 [INFO]  plugin: configuring client automatic mTLS
2021-05-02T19:33:47.585-0500 [DEBUG] plugin: starting plugin: path=.terraform/providers/todoist.com/dev/todoist/0.1.0/darwin_amd64/terraform-provider-todoist args=[.terraform/providers/todoist.com/dev/todoist/0.1.0/darwin_amd64/terraform-provider-todoist]
2021-05-02T19:33:47.588-0500 [DEBUG] plugin: plugin started: path=.terraform/providers/todoist.com/dev/todoist/0.1.0/darwin_amd64/terraform-provider-todoist pid=30289
2021-05-02T19:33:47.588-0500 [DEBUG] plugin: waiting for RPC address: path=.terraform/providers/todoist.com/dev/todoist/0.1.0/darwin_amd64/terraform-provider-todoist
2021-05-02T19:33:48.127-0500 [INFO]  plugin.terraform-provider-todoist: configuring server automatic mTLS: timestamp=2021-05-02T19:33:48.127-0500
2021-05-02T19:33:48.158-0500 [DEBUG] plugin: using plugin: version=5
2021-05-02T19:33:48.158-0500 [DEBUG] plugin.terraform-provider-todoist: plugin address: address=/var/folders/wz/p0_z1bsn3s51dvz1_tycg0rr0000gn/T/plugin483993308 network=unix timestamp=2021-05-02T19:33:48.158-0500
2021-05-02T19:33:48.226-0500 [TRACE] plugin.stdio: waiting for stdio data
2021/05/02 19:33:48 [TRACE] GRPCProvider: GetSchema
2021/05/02 19:33:48 [TRACE] GRPCProvider: Close
2021-05-02T19:33:48.232-0500 [WARN]  plugin.stdio: received EOF, stopping recv loop: err="rpc error: code = Unavailable desc = transport is closing"
2021-05-02T19:33:48.233-0500 [DEBUG] plugin: plugin process exited: path=.terraform/providers/todoist.com/dev/todoist/0.1.0/darwin_amd64/terraform-provider-todoist pid=30289
2021-05-02T19:33:48.234-0500 [DEBUG] plugin: plugin exited
2021/05/02 19:33:48 [TRACE] terraform.NewContext: complete
2021/05/02 19:33:48 [TRACE] backend/local: finished building terraform.Context
2021/05/02 19:33:48 [TRACE] backend/local: requesting interactive input, if necessary
2021/05/02 19:33:48 [TRACE] Context.Input: Prompting for provider arguments
2021/05/02 19:33:48 [TRACE] Context.Input: Provider provider.todoist declared at main.tf:10,1-19
2021/05/02 19:33:48 [TRACE] Context.Input: Input for provider.todoist: map[string]cty.Value{}
2021/05/02 19:33:48 [TRACE] backend/local: running validation operation
2021/05/02 19:33:48 [INFO] terraform: building graph: GraphTypeValidate
2021/05/02 19:33:48 [TRACE] Executing graph transform *terraform.ConfigTransformer
2021/05/02 19:33:48 [TRACE] ConfigTransformer: Starting for path: 
2021/05/02 19:33:48 [TRACE] Completed graph transform *terraform.ConfigTransformer with new graph:
  todoist_task.this - *terraform.NodeValidatableResource
  ------
2021/05/02 19:33:48 [TRACE] Executing graph transform *terraform.RootVariableTransformer
2021/05/02 19:33:48 [TRACE] Completed graph transform *terraform.RootVariableTransformer (no changes)
2021/05/02 19:33:48 [TRACE] Executing graph transform *terraform.ModuleVariableTransformer
2021/05/02 19:33:48 [TRACE] Completed graph transform *terraform.ModuleVariableTransformer (no changes)
2021/05/02 19:33:48 [TRACE] Executing graph transform *terraform.LocalTransformer
2021/05/02 19:33:48 [TRACE] Completed graph transform *terraform.LocalTransformer (no changes)
2021/05/02 19:33:48 [TRACE] Executing graph transform *terraform.OutputTransformer
2021/05/02 19:33:48 [TRACE] Completed graph transform *terraform.OutputTransformer (no changes)
2021/05/02 19:33:48 [TRACE] Executing graph transform *terraform.OrphanResourceInstanceTransformer
2021/05/02 19:33:48 [TRACE] Completed graph transform *terraform.OrphanResourceInstanceTransformer (no changes)
2021/05/02 19:33:48 [TRACE] Executing graph transform *terraform.StateTransformer
2021/05/02 19:33:48 [TRACE] StateTransformer: state is empty, so nothing to do
2021/05/02 19:33:48 [TRACE] Completed graph transform *terraform.StateTransformer (no changes)
2021/05/02 19:33:48 [TRACE] Executing graph transform *terraform.AttachStateTransformer
2021/05/02 19:33:48 [TRACE] Completed graph transform *terraform.AttachStateTransformer (no changes)
2021/05/02 19:33:48 [TRACE] Executing graph transform *terraform.OrphanOutputTransformer
2021/05/02 19:33:48 [TRACE] Completed graph transform *terraform.OrphanOutputTransformer (no changes)
2021/05/02 19:33:48 [TRACE] Executing graph transform *terraform.AttachResourceConfigTransformer
2021/05/02 19:33:48 [TRACE] AttachResourceConfigTransformer: attaching to "todoist_task.this" (*terraform.NodeValidatableResource) config from main.tf:46,1-31
2021/05/02 19:33:48 [TRACE] AttachResourceConfigTransformer: attaching provider meta configs to todoist_task.this
2021/05/02 19:33:48 [TRACE] Completed graph transform *terraform.AttachResourceConfigTransformer (no changes)
2021/05/02 19:33:48 [TRACE] Executing graph transform *terraform.MissingProvisionerTransformer
2021/05/02 19:33:48 [TRACE] Completed graph transform *terraform.MissingProvisionerTransformer (no changes)
2021/05/02 19:33:48 [TRACE] Executing graph transform *terraform.ProvisionerTransformer
2021/05/02 19:33:48 [TRACE] Completed graph transform *terraform.ProvisionerTransformer (no changes)
2021/05/02 19:33:48 [TRACE] Executing graph transform *terraform.graphTransformerMulti
2021/05/02 19:33:48 [TRACE] (graphTransformerMulti) Executing graph transform *terraform.ProviderConfigTransformer
2021/05/02 19:33:48 [TRACE] ProviderConfigTransformer: attaching to "provider[\"todoist.com/dev/todoist\"]" provider configuration from main.tf:10,1-19
2021/05/02 19:33:48 [TRACE] (graphTransformerMulti) Completed graph transform *terraform.ProviderConfigTransformer with new graph:
  provider["todoist.com/dev/todoist"] - *terraform.NodeApplyableProvider
  todoist_task.this - *terraform.NodeValidatableResource
  ------
2021/05/02 19:33:48 [TRACE] (graphTransformerMulti) Executing graph transform *terraform.MissingProviderTransformer
2021/05/02 19:33:48 [TRACE] (graphTransformerMulti) Completed graph transform *terraform.MissingProviderTransformer (no changes)
2021/05/02 19:33:48 [TRACE] (graphTransformerMulti) Executing graph transform *terraform.ProviderTransformer
2021/05/02 19:33:48 [TRACE] ProviderTransformer: exact match for provider["todoist.com/dev/todoist"] serving todoist_task.this
2021/05/02 19:33:48 [DEBUG] ProviderTransformer: "todoist_task.this" (*terraform.NodeValidatableResource) needs provider["todoist.com/dev/todoist"]
2021/05/02 19:33:48 [TRACE] (graphTransformerMulti) Completed graph transform *terraform.ProviderTransformer with new graph:
  provider["todoist.com/dev/todoist"] - *terraform.NodeApplyableProvider
  todoist_task.this - *terraform.NodeValidatableResource
    provider["todoist.com/dev/todoist"] - *terraform.NodeApplyableProvider
  ------
2021/05/02 19:33:48 [TRACE] (graphTransformerMulti) Executing graph transform *terraform.PruneProviderTransformer
2021/05/02 19:33:48 [TRACE] (graphTransformerMulti) Completed graph transform *terraform.PruneProviderTransformer (no changes)
2021/05/02 19:33:48 [TRACE] (graphTransformerMulti) Executing graph transform *terraform.ParentProviderTransformer
2021/05/02 19:33:48 [TRACE] (graphTransformerMulti) Completed graph transform *terraform.ParentProviderTransformer (no changes)
2021/05/02 19:33:48 [TRACE] Completed graph transform *terraform.graphTransformerMulti with new graph:
  provider["todoist.com/dev/todoist"] - *terraform.NodeApplyableProvider
  todoist_task.this - *terraform.NodeValidatableResource
    provider["todoist.com/dev/todoist"] - *terraform.NodeApplyableProvider
  ------
2021/05/02 19:33:48 [TRACE] Executing graph transform *terraform.RemovedModuleTransformer
2021/05/02 19:33:48 [TRACE] Completed graph transform *terraform.RemovedModuleTransformer (no changes)
2021/05/02 19:33:48 [TRACE] Executing graph transform *terraform.AttachSchemaTransformer
2021/05/02 19:33:48 [TRACE] AttachSchemaTransformer: attaching resource schema to todoist_task.this
2021/05/02 19:33:48 [TRACE] AttachSchemaTransformer: attaching provider config schema to provider["todoist.com/dev/todoist"]
2021/05/02 19:33:48 [TRACE] Completed graph transform *terraform.AttachSchemaTransformer (no changes)
2021/05/02 19:33:48 [TRACE] Executing graph transform *terraform.ModuleExpansionTransformer
2021/05/02 19:33:48 [TRACE] Completed graph transform *terraform.ModuleExpansionTransformer (no changes)
2021/05/02 19:33:48 [TRACE] Executing graph transform *terraform.ReferenceTransformer
2021/05/02 19:33:48 [DEBUG] ReferenceTransformer: "todoist_task.this" references: []
2021/05/02 19:33:48 [DEBUG] ReferenceTransformer: "provider[\"todoist.com/dev/todoist\"]" references: []
2021/05/02 19:33:48 [TRACE] Completed graph transform *terraform.ReferenceTransformer (no changes)
2021/05/02 19:33:48 [TRACE] Executing graph transform *terraform.AttachDependenciesTransformer
2021/05/02 19:33:48 [TRACE] Completed graph transform *terraform.AttachDependenciesTransformer (no changes)
2021/05/02 19:33:48 [TRACE] Executing graph transform *terraform.attachDataResourceDependenciesTransformer
2021/05/02 19:33:48 [TRACE] Completed graph transform *terraform.attachDataResourceDependenciesTransformer (no changes)
2021/05/02 19:33:48 [TRACE] Executing graph transform *terraform.TargetsTransformer
2021/05/02 19:33:48 [TRACE] Completed graph transform *terraform.TargetsTransformer (no changes)
2021/05/02 19:33:48 [TRACE] Executing graph transform *terraform.ForcedCBDTransformer
2021/05/02 19:33:48 [TRACE] Completed graph transform *terraform.ForcedCBDTransformer (no changes)
2021/05/02 19:33:48 [TRACE] Executing graph transform *terraform.CountBoundaryTransformer
2021/05/02 19:33:48 [TRACE] Completed graph transform *terraform.CountBoundaryTransformer with new graph:
  meta.count-boundary (EachMode fixup) - *terraform.NodeCountBoundary
    provider["todoist.com/dev/todoist"] - *terraform.NodeApplyableProvider
    todoist_task.this - *terraform.NodeValidatableResource
  provider["todoist.com/dev/todoist"] - *terraform.NodeApplyableProvider
  todoist_task.this - *terraform.NodeValidatableResource
    provider["todoist.com/dev/todoist"] - *terraform.NodeApplyableProvider
  ------
2021/05/02 19:33:48 [TRACE] Executing graph transform *terraform.CloseProviderTransformer
2021/05/02 19:33:48 [TRACE] Completed graph transform *terraform.CloseProviderTransformer with new graph:
  meta.count-boundary (EachMode fixup) - *terraform.NodeCountBoundary
    provider["todoist.com/dev/todoist"] - *terraform.NodeApplyableProvider
    todoist_task.this - *terraform.NodeValidatableResource
  provider["todoist.com/dev/todoist"] - *terraform.NodeApplyableProvider
  provider["todoist.com/dev/todoist"] (close) - *terraform.graphNodeCloseProvider
    provider["todoist.com/dev/todoist"] - *terraform.NodeApplyableProvider
    todoist_task.this - *terraform.NodeValidatableResource
  todoist_task.this - *terraform.NodeValidatableResource
    provider["todoist.com/dev/todoist"] - *terraform.NodeApplyableProvider
  ------
2021/05/02 19:33:48 [TRACE] Executing graph transform *terraform.CloseRootModuleTransformer
2021/05/02 19:33:48 [TRACE] Completed graph transform *terraform.CloseRootModuleTransformer with new graph:
  meta.count-boundary (EachMode fixup) - *terraform.NodeCountBoundary
    provider["todoist.com/dev/todoist"] - *terraform.NodeApplyableProvider
    todoist_task.this - *terraform.NodeValidatableResource
  provider["todoist.com/dev/todoist"] - *terraform.NodeApplyableProvider
  provider["todoist.com/dev/todoist"] (close) - *terraform.graphNodeCloseProvider
    provider["todoist.com/dev/todoist"] - *terraform.NodeApplyableProvider
    todoist_task.this - *terraform.NodeValidatableResource
  root - *terraform.nodeCloseModule
    meta.count-boundary (EachMode fixup) - *terraform.NodeCountBoundary
    provider["todoist.com/dev/todoist"] (close) - *terraform.graphNodeCloseProvider
  todoist_task.this - *terraform.NodeValidatableResource
    provider["todoist.com/dev/todoist"] - *terraform.NodeApplyableProvider
  ------
2021/05/02 19:33:48 [TRACE] Executing graph transform *terraform.TransitiveReductionTransformer
2021/05/02 19:33:48 [TRACE] Completed graph transform *terraform.TransitiveReductionTransformer with new graph:
  meta.count-boundary (EachMode fixup) - *terraform.NodeCountBoundary
    todoist_task.this - *terraform.NodeValidatableResource
  provider["todoist.com/dev/todoist"] - *terraform.NodeApplyableProvider
  provider["todoist.com/dev/todoist"] (close) - *terraform.graphNodeCloseProvider
    todoist_task.this - *terraform.NodeValidatableResource
  root - *terraform.nodeCloseModule
    meta.count-boundary (EachMode fixup) - *terraform.NodeCountBoundary
    provider["todoist.com/dev/todoist"] (close) - *terraform.graphNodeCloseProvider
  todoist_task.this - *terraform.NodeValidatableResource
    provider["todoist.com/dev/todoist"] - *terraform.NodeApplyableProvider
  ------
2021/05/02 19:33:48 [DEBUG] Starting graph walk: walkValidate
2021/05/02 19:33:48 [TRACE] dag/walk: visiting "provider[\"todoist.com/dev/todoist\"]"
2021/05/02 19:33:48 [TRACE] vertex "provider[\"todoist.com/dev/todoist\"]": starting visit (*terraform.NodeApplyableProvider)
2021-05-02T19:33:48.240-0500 [INFO]  plugin: configuring client automatic mTLS
2021-05-02T19:33:48.267-0500 [DEBUG] plugin: starting plugin: path=.terraform/providers/todoist.com/dev/todoist/0.1.0/darwin_amd64/terraform-provider-todoist args=[.terraform/providers/todoist.com/dev/todoist/0.1.0/darwin_amd64/terraform-provider-todoist]
2021-05-02T19:33:48.270-0500 [DEBUG] plugin: plugin started: path=.terraform/providers/todoist.com/dev/todoist/0.1.0/darwin_amd64/terraform-provider-todoist pid=30290
2021-05-02T19:33:48.270-0500 [DEBUG] plugin: waiting for RPC address: path=.terraform/providers/todoist.com/dev/todoist/0.1.0/darwin_amd64/terraform-provider-todoist
2021-05-02T19:33:48.282-0500 [INFO]  plugin.terraform-provider-todoist: configuring server automatic mTLS: timestamp=2021-05-02T19:33:48.281-0500
2021-05-02T19:33:48.310-0500 [DEBUG] plugin.terraform-provider-todoist: plugin address: network=unix address=/var/folders/wz/p0_z1bsn3s51dvz1_tycg0rr0000gn/T/plugin448049721 timestamp=2021-05-02T19:33:48.310-0500
2021-05-02T19:33:48.310-0500 [DEBUG] plugin: using plugin: version=5
2021/05/02 19:33:48 [TRACE] BuiltinEvalContext: Initialized "provider[\"todoist.com/dev/todoist\"]" provider for provider["todoist.com/dev/todoist"]
2021-05-02T19:33:48.367-0500 [TRACE] plugin.stdio: waiting for stdio data
2021/05/02 19:33:48 [TRACE] buildProviderConfig for provider["todoist.com/dev/todoist"]: using explicit config only
2021/05/02 19:33:48 [TRACE] GRPCProvider: GetSchema
2021/05/02 19:33:48 [TRACE] GRPCProvider: PrepareProviderConfig
2021/05/02 19:33:48 [TRACE] vertex "provider[\"todoist.com/dev/todoist\"]": visit complete
2021/05/02 19:33:48 [TRACE] dag/walk: visiting "todoist_task.this"
2021/05/02 19:33:48 [TRACE] vertex "todoist_task.this": starting visit (*terraform.NodeValidatableResource)
2021/05/02 19:33:48 [TRACE] GRPCProvider: ValidateResourceTypeConfig
2021/05/02 19:33:48 [TRACE] vertex "todoist_task.this": visit complete
2021/05/02 19:33:48 [TRACE] dag/walk: visiting "provider[\"todoist.com/dev/todoist\"] (close)"
2021/05/02 19:33:48 [TRACE] dag/walk: visiting "meta.count-boundary (EachMode fixup)"
2021/05/02 19:33:48 [TRACE] vertex "meta.count-boundary (EachMode fixup)": starting visit (*terraform.NodeCountBoundary)
2021/05/02 19:33:48 [TRACE] vertex "provider[\"todoist.com/dev/todoist\"] (close)": starting visit (*terraform.graphNodeCloseProvider)
2021/05/02 19:33:48 [TRACE] GRPCProvider: Close
2021/05/02 19:33:48 [TRACE] vertex "meta.count-boundary (EachMode fixup)": visit complete
2021-05-02T19:33:48.375-0500 [WARN]  plugin.stdio: received EOF, stopping recv loop: err="rpc error: code = Unavailable desc = transport is closing"
2021-05-02T19:33:48.376-0500 [DEBUG] plugin: plugin process exited: path=.terraform/providers/todoist.com/dev/todoist/0.1.0/darwin_amd64/terraform-provider-todoist pid=30290
2021-05-02T19:33:48.376-0500 [DEBUG] plugin: plugin exited
2021/05/02 19:33:48 [TRACE] vertex "provider[\"todoist.com/dev/todoist\"] (close)": visit complete
2021/05/02 19:33:48 [TRACE] dag/walk: visiting "root"
2021/05/02 19:33:48 [TRACE] vertex "root": starting visit (*terraform.nodeCloseModule)
2021/05/02 19:33:48 [TRACE] vertex "root": visit complete
2021/05/02 19:33:48 [INFO] backend/local: apply calling Plan
2021/05/02 19:33:48 [INFO] terraform: building graph: GraphTypePlan
2021/05/02 19:33:48 [TRACE] Executing graph transform *terraform.ConfigTransformer
2021/05/02 19:33:48 [TRACE] ConfigTransformer: Starting for path: 
2021/05/02 19:33:48 [TRACE] Completed graph transform *terraform.ConfigTransformer with new graph:
  todoist_task.this (expand) - *terraform.nodeExpandPlannableResource
  ------
2021/05/02 19:33:48 [TRACE] Executing graph transform *terraform.RootVariableTransformer
2021/05/02 19:33:48 [TRACE] Completed graph transform *terraform.RootVariableTransformer (no changes)
2021/05/02 19:33:48 [TRACE] Executing graph transform *terraform.ModuleVariableTransformer
2021/05/02 19:33:48 [TRACE] Completed graph transform *terraform.ModuleVariableTransformer (no changes)
2021/05/02 19:33:48 [TRACE] Executing graph transform *terraform.LocalTransformer
2021/05/02 19:33:48 [TRACE] Completed graph transform *terraform.LocalTransformer (no changes)
2021/05/02 19:33:48 [TRACE] Executing graph transform *terraform.OutputTransformer
2021/05/02 19:33:48 [TRACE] Completed graph transform *terraform.OutputTransformer (no changes)
2021/05/02 19:33:48 [TRACE] Executing graph transform *terraform.OrphanResourceInstanceTransformer
2021/05/02 19:33:48 [TRACE] Completed graph transform *terraform.OrphanResourceInstanceTransformer (no changes)
2021/05/02 19:33:48 [TRACE] Executing graph transform *terraform.StateTransformer
2021/05/02 19:33:48 [TRACE] StateTransformer: state is empty, so nothing to do
2021/05/02 19:33:48 [TRACE] Completed graph transform *terraform.StateTransformer (no changes)
2021/05/02 19:33:48 [TRACE] Executing graph transform *terraform.AttachStateTransformer
2021/05/02 19:33:48 [TRACE] Completed graph transform *terraform.AttachStateTransformer (no changes)
2021/05/02 19:33:48 [TRACE] Executing graph transform *terraform.OrphanOutputTransformer
2021/05/02 19:33:48 [TRACE] Completed graph transform *terraform.OrphanOutputTransformer (no changes)
2021/05/02 19:33:48 [TRACE] Executing graph transform *terraform.AttachResourceConfigTransformer
2021/05/02 19:33:48 [TRACE] AttachResourceConfigTransformer: attaching to "todoist_task.this (expand)" (*terraform.nodeExpandPlannableResource) config from main.tf:46,1-31
2021/05/02 19:33:48 [TRACE] AttachResourceConfigTransformer: attaching provider meta configs to todoist_task.this (expand)
2021/05/02 19:33:48 [TRACE] Completed graph transform *terraform.AttachResourceConfigTransformer (no changes)
2021/05/02 19:33:48 [TRACE] Executing graph transform *terraform.MissingProvisionerTransformer
2021/05/02 19:33:48 [TRACE] Completed graph transform *terraform.MissingProvisionerTransformer (no changes)
2021/05/02 19:33:48 [TRACE] Executing graph transform *terraform.ProvisionerTransformer
2021/05/02 19:33:48 [TRACE] Completed graph transform *terraform.ProvisionerTransformer (no changes)
2021/05/02 19:33:48 [TRACE] Executing graph transform *terraform.graphTransformerMulti
2021/05/02 19:33:48 [TRACE] (graphTransformerMulti) Executing graph transform *terraform.ProviderConfigTransformer
2021/05/02 19:33:48 [TRACE] ProviderConfigTransformer: attaching to "provider[\"todoist.com/dev/todoist\"]" provider configuration from main.tf:10,1-19
2021/05/02 19:33:48 [TRACE] (graphTransformerMulti) Completed graph transform *terraform.ProviderConfigTransformer with new graph:
  provider["todoist.com/dev/todoist"] - *terraform.NodeApplyableProvider
  todoist_task.this (expand) - *terraform.nodeExpandPlannableResource
  ------
2021/05/02 19:33:48 [TRACE] (graphTransformerMulti) Executing graph transform *terraform.MissingProviderTransformer
2021/05/02 19:33:48 [TRACE] (graphTransformerMulti) Completed graph transform *terraform.MissingProviderTransformer (no changes)
2021/05/02 19:33:48 [TRACE] (graphTransformerMulti) Executing graph transform *terraform.ProviderTransformer
2021/05/02 19:33:48 [TRACE] ProviderTransformer: exact match for provider["todoist.com/dev/todoist"] serving todoist_task.this (expand)
2021/05/02 19:33:48 [DEBUG] ProviderTransformer: "todoist_task.this (expand)" (*terraform.nodeExpandPlannableResource) needs provider["todoist.com/dev/todoist"]
2021/05/02 19:33:48 [TRACE] (graphTransformerMulti) Completed graph transform *terraform.ProviderTransformer with new graph:
  provider["todoist.com/dev/todoist"] - *terraform.NodeApplyableProvider
  todoist_task.this (expand) - *terraform.nodeExpandPlannableResource
    provider["todoist.com/dev/todoist"] - *terraform.NodeApplyableProvider
  ------
2021/05/02 19:33:48 [TRACE] (graphTransformerMulti) Executing graph transform *terraform.PruneProviderTransformer
2021/05/02 19:33:48 [TRACE] (graphTransformerMulti) Completed graph transform *terraform.PruneProviderTransformer (no changes)
2021/05/02 19:33:48 [TRACE] (graphTransformerMulti) Executing graph transform *terraform.ParentProviderTransformer
2021/05/02 19:33:48 [TRACE] (graphTransformerMulti) Completed graph transform *terraform.ParentProviderTransformer (no changes)
2021/05/02 19:33:48 [TRACE] Completed graph transform *terraform.graphTransformerMulti with new graph:
  provider["todoist.com/dev/todoist"] - *terraform.NodeApplyableProvider
  todoist_task.this (expand) - *terraform.nodeExpandPlannableResource
    provider["todoist.com/dev/todoist"] - *terraform.NodeApplyableProvider
  ------
2021/05/02 19:33:48 [TRACE] Executing graph transform *terraform.RemovedModuleTransformer
2021/05/02 19:33:48 [TRACE] Completed graph transform *terraform.RemovedModuleTransformer (no changes)
2021/05/02 19:33:48 [TRACE] Executing graph transform *terraform.AttachSchemaTransformer
2021/05/02 19:33:48 [TRACE] AttachSchemaTransformer: attaching resource schema to todoist_task.this (expand)
2021/05/02 19:33:48 [TRACE] AttachSchemaTransformer: attaching provider config schema to provider["todoist.com/dev/todoist"]
2021/05/02 19:33:48 [TRACE] Completed graph transform *terraform.AttachSchemaTransformer (no changes)
2021/05/02 19:33:48 [TRACE] Executing graph transform *terraform.ModuleExpansionTransformer
2021/05/02 19:33:48 [TRACE] Completed graph transform *terraform.ModuleExpansionTransformer (no changes)
2021/05/02 19:33:48 [TRACE] Executing graph transform *terraform.ReferenceTransformer
2021/05/02 19:33:48 [DEBUG] ReferenceTransformer: "todoist_task.this (expand)" references: []
2021/05/02 19:33:48 [DEBUG] ReferenceTransformer: "provider[\"todoist.com/dev/todoist\"]" references: []
2021/05/02 19:33:48 [TRACE] Completed graph transform *terraform.ReferenceTransformer (no changes)
2021/05/02 19:33:48 [TRACE] Executing graph transform *terraform.AttachDependenciesTransformer
2021/05/02 19:33:48 [TRACE] AttachDependenciesTransformer: todoist_task.this depends on []
2021/05/02 19:33:48 [TRACE] Completed graph transform *terraform.AttachDependenciesTransformer (no changes)
2021/05/02 19:33:48 [TRACE] Executing graph transform *terraform.attachDataResourceDependenciesTransformer
2021/05/02 19:33:48 [TRACE] Completed graph transform *terraform.attachDataResourceDependenciesTransformer (no changes)
2021/05/02 19:33:48 [TRACE] Executing graph transform *terraform.TargetsTransformer
2021/05/02 19:33:48 [TRACE] Completed graph transform *terraform.TargetsTransformer (no changes)
2021/05/02 19:33:48 [TRACE] Executing graph transform *terraform.ForcedCBDTransformer
2021/05/02 19:33:48 [TRACE] ForcedCBDTransformer: "todoist_task.this (expand)" (*terraform.nodeExpandPlannableResource) has no CBD descendent, so skipping
2021/05/02 19:33:48 [TRACE] Completed graph transform *terraform.ForcedCBDTransformer (no changes)
2021/05/02 19:33:48 [TRACE] Executing graph transform *terraform.CountBoundaryTransformer
2021/05/02 19:33:48 [TRACE] Completed graph transform *terraform.CountBoundaryTransformer with new graph:
  meta.count-boundary (EachMode fixup) - *terraform.NodeCountBoundary
    provider["todoist.com/dev/todoist"] - *terraform.NodeApplyableProvider
    todoist_task.this (expand) - *terraform.nodeExpandPlannableResource
  provider["todoist.com/dev/todoist"] - *terraform.NodeApplyableProvider
  todoist_task.this (expand) - *terraform.nodeExpandPlannableResource
    provider["todoist.com/dev/todoist"] - *terraform.NodeApplyableProvider
  ------
2021/05/02 19:33:48 [TRACE] Executing graph transform *terraform.CloseProviderTransformer
2021/05/02 19:33:48 [TRACE] Completed graph transform *terraform.CloseProviderTransformer with new graph:
  meta.count-boundary (EachMode fixup) - *terraform.NodeCountBoundary
    provider["todoist.com/dev/todoist"] - *terraform.NodeApplyableProvider
    todoist_task.this (expand) - *terraform.nodeExpandPlannableResource
  provider["todoist.com/dev/todoist"] - *terraform.NodeApplyableProvider
  provider["todoist.com/dev/todoist"] (close) - *terraform.graphNodeCloseProvider
    provider["todoist.com/dev/todoist"] - *terraform.NodeApplyableProvider
    todoist_task.this (expand) - *terraform.nodeExpandPlannableResource
  todoist_task.this (expand) - *terraform.nodeExpandPlannableResource
    provider["todoist.com/dev/todoist"] - *terraform.NodeApplyableProvider
  ------
2021/05/02 19:33:48 [TRACE] Executing graph transform *terraform.CloseRootModuleTransformer
2021/05/02 19:33:48 [TRACE] Completed graph transform *terraform.CloseRootModuleTransformer with new graph:
  meta.count-boundary (EachMode fixup) - *terraform.NodeCountBoundary
    provider["todoist.com/dev/todoist"] - *terraform.NodeApplyableProvider
    todoist_task.this (expand) - *terraform.nodeExpandPlannableResource
  provider["todoist.com/dev/todoist"] - *terraform.NodeApplyableProvider
  provider["todoist.com/dev/todoist"] (close) - *terraform.graphNodeCloseProvider
    provider["todoist.com/dev/todoist"] - *terraform.NodeApplyableProvider
    todoist_task.this (expand) - *terraform.nodeExpandPlannableResource
  root - *terraform.nodeCloseModule
    meta.count-boundary (EachMode fixup) - *terraform.NodeCountBoundary
    provider["todoist.com/dev/todoist"] (close) - *terraform.graphNodeCloseProvider
  todoist_task.this (expand) - *terraform.nodeExpandPlannableResource
    provider["todoist.com/dev/todoist"] - *terraform.NodeApplyableProvider
  ------
2021/05/02 19:33:48 [TRACE] Executing graph transform *terraform.TransitiveReductionTransformer
2021/05/02 19:33:48 [TRACE] Completed graph transform *terraform.TransitiveReductionTransformer with new graph:
  meta.count-boundary (EachMode fixup) - *terraform.NodeCountBoundary
    todoist_task.this (expand) - *terraform.nodeExpandPlannableResource
  provider["todoist.com/dev/todoist"] - *terraform.NodeApplyableProvider
  provider["todoist.com/dev/todoist"] (close) - *terraform.graphNodeCloseProvider
    todoist_task.this (expand) - *terraform.nodeExpandPlannableResource
  root - *terraform.nodeCloseModule
    meta.count-boundary (EachMode fixup) - *terraform.NodeCountBoundary
    provider["todoist.com/dev/todoist"] (close) - *terraform.graphNodeCloseProvider
  todoist_task.this (expand) - *terraform.nodeExpandPlannableResource
    provider["todoist.com/dev/todoist"] - *terraform.NodeApplyableProvider
  ------
2021/05/02 19:33:48 [DEBUG] Starting graph walk: walkPlan
2021/05/02 19:33:48 [TRACE] dag/walk: visiting "provider[\"todoist.com/dev/todoist\"]"
2021/05/02 19:33:48 [TRACE] vertex "provider[\"todoist.com/dev/todoist\"]": starting visit (*terraform.NodeApplyableProvider)
2021-05-02T19:33:48.377-0500 [INFO]  plugin: configuring client automatic mTLS
2021-05-02T19:33:48.405-0500 [DEBUG] plugin: starting plugin: path=.terraform/providers/todoist.com/dev/todoist/0.1.0/darwin_amd64/terraform-provider-todoist args=[.terraform/providers/todoist.com/dev/todoist/0.1.0/darwin_amd64/terraform-provider-todoist]
2021-05-02T19:33:48.408-0500 [DEBUG] plugin: plugin started: path=.terraform/providers/todoist.com/dev/todoist/0.1.0/darwin_amd64/terraform-provider-todoist pid=30291
2021-05-02T19:33:48.408-0500 [DEBUG] plugin: waiting for RPC address: path=.terraform/providers/todoist.com/dev/todoist/0.1.0/darwin_amd64/terraform-provider-todoist
2021-05-02T19:33:48.421-0500 [INFO]  plugin.terraform-provider-todoist: configuring server automatic mTLS: timestamp=2021-05-02T19:33:48.420-0500
2021-05-02T19:33:48.450-0500 [DEBUG] plugin: using plugin: version=5
2021-05-02T19:33:48.450-0500 [DEBUG] plugin.terraform-provider-todoist: plugin address: address=/var/folders/wz/p0_z1bsn3s51dvz1_tycg0rr0000gn/T/plugin966904854 network=unix timestamp=2021-05-02T19:33:48.450-0500
2021/05/02 19:33:48 [TRACE] BuiltinEvalContext: Initialized "provider[\"todoist.com/dev/todoist\"]" provider for provider["todoist.com/dev/todoist"]
2021/05/02 19:33:48 [TRACE] buildProviderConfig for provider["todoist.com/dev/todoist"]: using explicit config only
2021/05/02 19:33:48 [TRACE] GRPCProvider: GetSchema
2021-05-02T19:33:48.513-0500 [TRACE] plugin.stdio: waiting for stdio data
2021/05/02 19:33:48 [TRACE] GRPCProvider: Configure
2021/05/02 19:33:48 [TRACE] vertex "provider[\"todoist.com/dev/todoist\"]": visit complete
2021/05/02 19:33:48 [TRACE] dag/walk: visiting "todoist_task.this (expand)"
2021/05/02 19:33:48 [TRACE] vertex "todoist_task.this (expand)": starting visit (*terraform.nodeExpandPlannableResource)
2021/05/02 19:33:48 [TRACE] vertex "todoist_task.this (expand)": expanding dynamic subgraph
2021/05/02 19:33:48 [TRACE] vertex "todoist_task.this (expand)": entering dynamic subgraph
2021/05/02 19:33:48 [TRACE] dag/walk: visiting "todoist_task.this"
2021/05/02 19:33:48 [TRACE] vertex "todoist_task.this": starting visit (*terraform.NodePlannableResource)
2021/05/02 19:33:48 [TRACE] vertex "todoist_task.this": expanding dynamic subgraph
2021/05/02 19:33:48 [TRACE] Executing graph transform *terraform.ResourceCountTransformer
2021/05/02 19:33:48 [TRACE] ResourceCountTransformer: adding todoist_task.this as *terraform.NodePlannableResourceInstance
2021/05/02 19:33:48 [TRACE] Completed graph transform *terraform.ResourceCountTransformer with new graph:
  todoist_task.this - *terraform.NodePlannableResourceInstance
  ------
2021/05/02 19:33:48 [TRACE] Executing graph transform *terraform.OrphanResourceInstanceCountTransformer
2021/05/02 19:33:48 [TRACE] Completed graph transform *terraform.OrphanResourceInstanceCountTransformer (no changes)
2021/05/02 19:33:48 [TRACE] Executing graph transform *terraform.AttachStateTransformer
2021/05/02 19:33:48 [DEBUG] Resource instance state not found for node "todoist_task.this", instance todoist_task.this
2021/05/02 19:33:48 [TRACE] Completed graph transform *terraform.AttachStateTransformer (no changes)
2021/05/02 19:33:48 [TRACE] Executing graph transform *terraform.TargetsTransformer
2021/05/02 19:33:48 [TRACE] Completed graph transform *terraform.TargetsTransformer (no changes)
2021/05/02 19:33:48 [TRACE] Executing graph transform *terraform.ReferenceTransformer
2021/05/02 19:33:48 [DEBUG] ReferenceTransformer: "todoist_task.this" references: []
2021/05/02 19:33:48 [TRACE] Completed graph transform *terraform.ReferenceTransformer (no changes)
2021/05/02 19:33:48 [TRACE] Executing graph transform *terraform.RootTransformer
2021/05/02 19:33:48 [TRACE] Completed graph transform *terraform.RootTransformer (no changes)
2021/05/02 19:33:48 [TRACE] vertex "todoist_task.this": entering dynamic subgraph
2021/05/02 19:33:48 [TRACE] dag/walk: visiting "todoist_task.this"
2021/05/02 19:33:48 [TRACE] vertex "todoist_task.this": starting visit (*terraform.NodePlannableResourceInstance)
2021/05/02 19:33:48 [TRACE] ReadResourceInstanceState: reading state for todoist_task.this
2021/05/02 19:33:48 [TRACE] ReadResourceInstanceState: no state present for todoist_task.this
2021/05/02 19:33:48 [DEBUG] refresh: todoist_task.this: no state, so not refreshing
2021/05/02 19:33:48 [TRACE] EvalWriteState: using RefreshState for todoist_task.this
2021/05/02 19:33:48 [TRACE] EvalWriteState: removing state object for todoist_task.this
2021/05/02 19:33:48 [TRACE] Re-validating config for "todoist_task.this"
2021/05/02 19:33:48 [TRACE] GRPCProvider: ValidateResourceTypeConfig
2021/05/02 19:33:48 [TRACE] GRPCProvider: PlanResourceChange
2021/05/02 19:33:48 [TRACE] EvalWriteState: writing current state object for todoist_task.this
2021/05/02 19:33:48 [TRACE] EvalWriteDiff: recorded Create change for todoist_task.this
2021/05/02 19:33:48 [TRACE] vertex "todoist_task.this": visit complete
2021/05/02 19:33:48 [TRACE] vertex "todoist_task.this": dynamic subgraph completed successfully
2021/05/02 19:33:48 [TRACE] vertex "todoist_task.this": visit complete
2021/05/02 19:33:48 [TRACE] vertex "todoist_task.this (expand)": dynamic subgraph completed successfully
2021/05/02 19:33:48 [TRACE] vertex "todoist_task.this (expand)": visit complete
2021/05/02 19:33:48 [TRACE] dag/walk: visiting "meta.count-boundary (EachMode fixup)"
2021/05/02 19:33:48 [TRACE] vertex "meta.count-boundary (EachMode fixup)": starting visit (*terraform.NodeCountBoundary)
2021/05/02 19:33:48 [TRACE] vertex "meta.count-boundary (EachMode fixup)": visit complete
2021/05/02 19:33:48 [TRACE] dag/walk: visiting "provider[\"todoist.com/dev/todoist\"] (close)"
2021/05/02 19:33:48 [TRACE] vertex "provider[\"todoist.com/dev/todoist\"] (close)": starting visit (*terraform.graphNodeCloseProvider)
2021/05/02 19:33:48 [TRACE] GRPCProvider: Close
2021-05-02T19:33:48.522-0500 [WARN]  plugin.stdio: received EOF, stopping recv loop: err="rpc error: code = Unavailable desc = transport is closing"
2021-05-02T19:33:48.523-0500 [DEBUG] plugin: plugin process exited: path=.terraform/providers/todoist.com/dev/todoist/0.1.0/darwin_amd64/terraform-provider-todoist pid=30291
2021-05-02T19:33:48.523-0500 [DEBUG] plugin: plugin exited
2021/05/02 19:33:48 [TRACE] vertex "provider[\"todoist.com/dev/todoist\"] (close)": visit complete
2021/05/02 19:33:48 [TRACE] dag/walk: visiting "root"
2021/05/02 19:33:48 [TRACE] vertex "root": starting visit (*terraform.nodeCloseModule)
2021/05/02 19:33:48 [TRACE] vertex "root": visit complete
2021/05/02 19:33:48 [INFO] backend/local: apply calling Apply
2021/05/02 19:33:48 [INFO] terraform: building graph: GraphTypeApply
2021/05/02 19:33:48 [TRACE] Executing graph transform *terraform.ConfigTransformer
2021/05/02 19:33:48 [TRACE] ConfigTransformer: Starting for path: 
2021/05/02 19:33:48 [TRACE] Completed graph transform *terraform.ConfigTransformer with new graph:
  todoist_task.this (expand) - *terraform.nodeExpandApplyableResource
  ------
2021/05/02 19:33:48 [TRACE] Executing graph transform *terraform.RootVariableTransformer
2021/05/02 19:33:48 [TRACE] Completed graph transform *terraform.RootVariableTransformer (no changes)
2021/05/02 19:33:48 [TRACE] Executing graph transform *terraform.ModuleVariableTransformer
2021/05/02 19:33:48 [TRACE] Completed graph transform *terraform.ModuleVariableTransformer (no changes)
2021/05/02 19:33:48 [TRACE] Executing graph transform *terraform.LocalTransformer
2021/05/02 19:33:48 [TRACE] Completed graph transform *terraform.LocalTransformer (no changes)
2021/05/02 19:33:48 [TRACE] Executing graph transform *terraform.OutputTransformer
2021/05/02 19:33:48 [TRACE] Completed graph transform *terraform.OutputTransformer (no changes)
2021/05/02 19:33:48 [TRACE] Executing graph transform *terraform.DiffTransformer
2021/05/02 19:33:48 [TRACE] DiffTransformer starting
2021/05/02 19:33:48 [TRACE] DiffTransformer: found Create change for todoist_task.this 
2021/05/02 19:33:48 [TRACE] DiffTransformer: todoist_task.this will be represented by todoist_task.this
2021/05/02 19:33:48 [TRACE] DiffTransformer complete
2021/05/02 19:33:48 [TRACE] Completed graph transform *terraform.DiffTransformer with new graph:
  todoist_task.this - *terraform.NodeApplyableResourceInstance
    todoist_task.this (expand) - *terraform.nodeExpandApplyableResource
  todoist_task.this (expand) - *terraform.nodeExpandApplyableResource
  ------
2021/05/02 19:33:48 [TRACE] Executing graph transform *terraform.AttachStateTransformer
2021/05/02 19:33:48 [DEBUG] Resource state not found for node "todoist_task.this", instance todoist_task.this
2021/05/02 19:33:48 [TRACE] Completed graph transform *terraform.AttachStateTransformer (no changes)
2021/05/02 19:33:48 [TRACE] Executing graph transform *terraform.OrphanOutputTransformer
2021/05/02 19:33:48 [TRACE] Completed graph transform *terraform.OrphanOutputTransformer (no changes)
2021/05/02 19:33:48 [TRACE] Executing graph transform *terraform.AttachResourceConfigTransformer
2021/05/02 19:33:48 [TRACE] AttachResourceConfigTransformer: attaching to "todoist_task.this (expand)" (*terraform.nodeExpandApplyableResource) config from main.tf:46,1-31
2021/05/02 19:33:48 [TRACE] AttachResourceConfigTransformer: attaching provider meta configs to todoist_task.this (expand)
2021/05/02 19:33:48 [TRACE] AttachResourceConfigTransformer: attaching to "todoist_task.this" (*terraform.NodeApplyableResourceInstance) config from main.tf:46,1-31
2021/05/02 19:33:48 [TRACE] AttachResourceConfigTransformer: attaching provider meta configs to todoist_task.this
2021/05/02 19:33:48 [TRACE] Completed graph transform *terraform.AttachResourceConfigTransformer (no changes)
2021/05/02 19:33:48 [TRACE] Executing graph transform *terraform.MissingProvisionerTransformer
2021/05/02 19:33:48 [TRACE] Completed graph transform *terraform.MissingProvisionerTransformer (no changes)
2021/05/02 19:33:48 [TRACE] Executing graph transform *terraform.ProvisionerTransformer
2021/05/02 19:33:48 [TRACE] Completed graph transform *terraform.ProvisionerTransformer (no changes)
2021/05/02 19:33:48 [TRACE] Executing graph transform *terraform.graphTransformerMulti
2021/05/02 19:33:48 [TRACE] (graphTransformerMulti) Executing graph transform *terraform.ProviderConfigTransformer
2021/05/02 19:33:48 [TRACE] ProviderConfigTransformer: attaching to "provider[\"todoist.com/dev/todoist\"]" provider configuration from main.tf:10,1-19
2021/05/02 19:33:48 [TRACE] (graphTransformerMulti) Completed graph transform *terraform.ProviderConfigTransformer with new graph:
  provider["todoist.com/dev/todoist"] - *terraform.NodeApplyableProvider
  todoist_task.this - *terraform.NodeApplyableResourceInstance
    todoist_task.this (expand) - *terraform.nodeExpandApplyableResource
  todoist_task.this (expand) - *terraform.nodeExpandApplyableResource
  ------
2021/05/02 19:33:48 [TRACE] (graphTransformerMulti) Executing graph transform *terraform.MissingProviderTransformer
2021/05/02 19:33:48 [TRACE] (graphTransformerMulti) Completed graph transform *terraform.MissingProviderTransformer (no changes)
2021/05/02 19:33:48 [TRACE] (graphTransformerMulti) Executing graph transform *terraform.ProviderTransformer
2021/05/02 19:33:48 [TRACE] ProviderTransformer: exact match for provider["todoist.com/dev/todoist"] serving todoist_task.this
2021/05/02 19:33:48 [DEBUG] ProviderTransformer: "todoist_task.this" (*terraform.NodeApplyableResourceInstance) needs provider["todoist.com/dev/todoist"]
2021/05/02 19:33:48 [TRACE] ProviderTransformer: exact match for provider["todoist.com/dev/todoist"] serving todoist_task.this (expand)
2021/05/02 19:33:48 [DEBUG] ProviderTransformer: "todoist_task.this (expand)" (*terraform.nodeExpandApplyableResource) needs provider["todoist.com/dev/todoist"]
2021/05/02 19:33:48 [TRACE] (graphTransformerMulti) Completed graph transform *terraform.ProviderTransformer with new graph:
  provider["todoist.com/dev/todoist"] - *terraform.NodeApplyableProvider
  todoist_task.this - *terraform.NodeApplyableResourceInstance
    provider["todoist.com/dev/todoist"] - *terraform.NodeApplyableProvider
    todoist_task.this (expand) - *terraform.nodeExpandApplyableResource
  todoist_task.this (expand) - *terraform.nodeExpandApplyableResource
    provider["todoist.com/dev/todoist"] - *terraform.NodeApplyableProvider
  ------
2021/05/02 19:33:48 [TRACE] (graphTransformerMulti) Executing graph transform *terraform.PruneProviderTransformer
2021/05/02 19:33:48 [TRACE] (graphTransformerMulti) Completed graph transform *terraform.PruneProviderTransformer (no changes)
2021/05/02 19:33:48 [TRACE] (graphTransformerMulti) Executing graph transform *terraform.ParentProviderTransformer
2021/05/02 19:33:48 [TRACE] (graphTransformerMulti) Completed graph transform *terraform.ParentProviderTransformer (no changes)
2021/05/02 19:33:48 [TRACE] Completed graph transform *terraform.graphTransformerMulti with new graph:
  provider["todoist.com/dev/todoist"] - *terraform.NodeApplyableProvider
  todoist_task.this - *terraform.NodeApplyableResourceInstance
    provider["todoist.com/dev/todoist"] - *terraform.NodeApplyableProvider
    todoist_task.this (expand) - *terraform.nodeExpandApplyableResource
  todoist_task.this (expand) - *terraform.nodeExpandApplyableResource
    provider["todoist.com/dev/todoist"] - *terraform.NodeApplyableProvider
  ------
2021/05/02 19:33:48 [TRACE] Executing graph transform *terraform.RemovedModuleTransformer
2021/05/02 19:33:48 [TRACE] Completed graph transform *terraform.RemovedModuleTransformer (no changes)
2021/05/02 19:33:48 [TRACE] Executing graph transform *terraform.AttachSchemaTransformer
2021/05/02 19:33:48 [TRACE] AttachSchemaTransformer: attaching resource schema to todoist_task.this (expand)
2021/05/02 19:33:48 [TRACE] AttachSchemaTransformer: attaching resource schema to todoist_task.this
2021/05/02 19:33:48 [TRACE] AttachSchemaTransformer: attaching provider config schema to provider["todoist.com/dev/todoist"]
2021/05/02 19:33:48 [TRACE] Completed graph transform *terraform.AttachSchemaTransformer (no changes)
2021/05/02 19:33:48 [TRACE] Executing graph transform *terraform.ModuleExpansionTransformer
2021/05/02 19:33:48 [TRACE] Completed graph transform *terraform.ModuleExpansionTransformer (no changes)
2021/05/02 19:33:48 [TRACE] Executing graph transform *terraform.ReferenceTransformer
2021/05/02 19:33:48 [DEBUG] ReferenceTransformer: "todoist_task.this" references: []
2021/05/02 19:33:48 [DEBUG] ReferenceTransformer: "provider[\"todoist.com/dev/todoist\"]" references: []
2021/05/02 19:33:48 [DEBUG] ReferenceTransformer: "todoist_task.this (expand)" references: []
2021/05/02 19:33:48 [TRACE] Completed graph transform *terraform.ReferenceTransformer (no changes)
2021/05/02 19:33:48 [TRACE] Executing graph transform *terraform.AttachDependenciesTransformer
2021/05/02 19:33:48 [TRACE] AttachDependenciesTransformer: todoist_task.this depends on []
2021/05/02 19:33:48 [TRACE] Completed graph transform *terraform.AttachDependenciesTransformer (no changes)
2021/05/02 19:33:48 [TRACE] Executing graph transform *terraform.ForcedCBDTransformer
2021/05/02 19:33:48 [TRACE] ForcedCBDTransformer: "todoist_task.this" (*terraform.NodeApplyableResourceInstance) has no CBD descendent, so skipping
2021/05/02 19:33:48 [TRACE] Completed graph transform *terraform.ForcedCBDTransformer (no changes)
2021/05/02 19:33:48 [TRACE] Executing graph transform *terraform.DestroyEdgeTransformer
2021/05/02 19:33:48 [TRACE] Completed graph transform *terraform.DestroyEdgeTransformer (no changes)
2021/05/02 19:33:48 [TRACE] Executing graph transform *terraform.CBDEdgeTransformer
2021/05/02 19:33:48 [TRACE] Completed graph transform *terraform.CBDEdgeTransformer (no changes)
2021/05/02 19:33:48 [TRACE] Executing graph transform *terraform.pruneUnusedNodesTransformer
2021/05/02 19:33:48 [TRACE] Completed graph transform *terraform.pruneUnusedNodesTransformer (no changes)
2021/05/02 19:33:48 [TRACE] Executing graph transform *terraform.TargetsTransformer
2021/05/02 19:33:48 [TRACE] Completed graph transform *terraform.TargetsTransformer (no changes)
2021/05/02 19:33:48 [TRACE] Executing graph transform *terraform.CountBoundaryTransformer
2021/05/02 19:33:48 [TRACE] Completed graph transform *terraform.CountBoundaryTransformer with new graph:
  meta.count-boundary (EachMode fixup) - *terraform.NodeCountBoundary
    provider["todoist.com/dev/todoist"] - *terraform.NodeApplyableProvider
    todoist_task.this - *terraform.NodeApplyableResourceInstance
    todoist_task.this (expand) - *terraform.nodeExpandApplyableResource
  provider["todoist.com/dev/todoist"] - *terraform.NodeApplyableProvider
  todoist_task.this - *terraform.NodeApplyableResourceInstance
    provider["todoist.com/dev/todoist"] - *terraform.NodeApplyableProvider
    todoist_task.this (expand) - *terraform.nodeExpandApplyableResource
  todoist_task.this (expand) - *terraform.nodeExpandApplyableResource
    provider["todoist.com/dev/todoist"] - *terraform.NodeApplyableProvider
  ------
2021/05/02 19:33:48 [TRACE] Executing graph transform *terraform.CloseProviderTransformer
2021/05/02 19:33:48 [TRACE] Completed graph transform *terraform.CloseProviderTransformer with new graph:
  meta.count-boundary (EachMode fixup) - *terraform.NodeCountBoundary
    provider["todoist.com/dev/todoist"] - *terraform.NodeApplyableProvider
    todoist_task.this - *terraform.NodeApplyableResourceInstance
    todoist_task.this (expand) - *terraform.nodeExpandApplyableResource
  provider["todoist.com/dev/todoist"] - *terraform.NodeApplyableProvider
  provider["todoist.com/dev/todoist"] (close) - *terraform.graphNodeCloseProvider
    provider["todoist.com/dev/todoist"] - *terraform.NodeApplyableProvider
    todoist_task.this - *terraform.NodeApplyableResourceInstance
    todoist_task.this (expand) - *terraform.nodeExpandApplyableResource
  todoist_task.this - *terraform.NodeApplyableResourceInstance
    provider["todoist.com/dev/todoist"] - *terraform.NodeApplyableProvider
    todoist_task.this (expand) - *terraform.nodeExpandApplyableResource
  todoist_task.this (expand) - *terraform.nodeExpandApplyableResource
    provider["todoist.com/dev/todoist"] - *terraform.NodeApplyableProvider
  ------
2021/05/02 19:33:48 [TRACE] Executing graph transform *terraform.CloseProvisionerTransformer
2021/05/02 19:33:48 [TRACE] Completed graph transform *terraform.CloseProvisionerTransformer (no changes)
2021/05/02 19:33:48 [TRACE] Executing graph transform *terraform.CloseRootModuleTransformer
2021/05/02 19:33:48 [TRACE] Completed graph transform *terraform.CloseRootModuleTransformer with new graph:
  meta.count-boundary (EachMode fixup) - *terraform.NodeCountBoundary
    provider["todoist.com/dev/todoist"] - *terraform.NodeApplyableProvider
    todoist_task.this - *terraform.NodeApplyableResourceInstance
    todoist_task.this (expand) - *terraform.nodeExpandApplyableResource
  provider["todoist.com/dev/todoist"] - *terraform.NodeApplyableProvider
  provider["todoist.com/dev/todoist"] (close) - *terraform.graphNodeCloseProvider
    provider["todoist.com/dev/todoist"] - *terraform.NodeApplyableProvider
    todoist_task.this - *terraform.NodeApplyableResourceInstance
    todoist_task.this (expand) - *terraform.nodeExpandApplyableResource
  root - *terraform.nodeCloseModule
    meta.count-boundary (EachMode fixup) - *terraform.NodeCountBoundary
    provider["todoist.com/dev/todoist"] (close) - *terraform.graphNodeCloseProvider
  todoist_task.this - *terraform.NodeApplyableResourceInstance
    provider["todoist.com/dev/todoist"] - *terraform.NodeApplyableProvider
    todoist_task.this (expand) - *terraform.nodeExpandApplyableResource
  todoist_task.this (expand) - *terraform.nodeExpandApplyableResource
    provider["todoist.com/dev/todoist"] - *terraform.NodeApplyableProvider
  ------
2021/05/02 19:33:48 [TRACE] Executing graph transform *terraform.TransitiveReductionTransformer
2021/05/02 19:33:48 [TRACE] Completed graph transform *terraform.TransitiveReductionTransformer with new graph:
  meta.count-boundary (EachMode fixup) - *terraform.NodeCountBoundary
    todoist_task.this - *terraform.NodeApplyableResourceInstance
  provider["todoist.com/dev/todoist"] - *terraform.NodeApplyableProvider
  provider["todoist.com/dev/todoist"] (close) - *terraform.graphNodeCloseProvider
    todoist_task.this - *terraform.NodeApplyableResourceInstance
  root - *terraform.nodeCloseModule
    meta.count-boundary (EachMode fixup) - *terraform.NodeCountBoundary
    provider["todoist.com/dev/todoist"] (close) - *terraform.graphNodeCloseProvider
  todoist_task.this - *terraform.NodeApplyableResourceInstance
    todoist_task.this (expand) - *terraform.nodeExpandApplyableResource
  todoist_task.this (expand) - *terraform.nodeExpandApplyableResource
    provider["todoist.com/dev/todoist"] - *terraform.NodeApplyableProvider
  ------
2021/05/02 19:33:48 [DEBUG] Starting graph walk: walkApply
2021/05/02 19:33:48 [TRACE] dag/walk: visiting "provider[\"todoist.com/dev/todoist\"]"
2021/05/02 19:33:48 [TRACE] vertex "provider[\"todoist.com/dev/todoist\"]": starting visit (*terraform.NodeApplyableProvider)
2021-05-02T19:33:48.525-0500 [INFO]  plugin: configuring client automatic mTLS
2021-05-02T19:33:48.552-0500 [DEBUG] plugin: starting plugin: path=.terraform/providers/todoist.com/dev/todoist/0.1.0/darwin_amd64/terraform-provider-todoist args=[.terraform/providers/todoist.com/dev/todoist/0.1.0/darwin_amd64/terraform-provider-todoist]
2021-05-02T19:33:48.555-0500 [DEBUG] plugin: plugin started: path=.terraform/providers/todoist.com/dev/todoist/0.1.0/darwin_amd64/terraform-provider-todoist pid=30292
2021-05-02T19:33:48.555-0500 [DEBUG] plugin: waiting for RPC address: path=.terraform/providers/todoist.com/dev/todoist/0.1.0/darwin_amd64/terraform-provider-todoist
2021-05-02T19:33:48.568-0500 [INFO]  plugin.terraform-provider-todoist: configuring server automatic mTLS: timestamp=2021-05-02T19:33:48.568-0500
2021-05-02T19:33:48.596-0500 [DEBUG] plugin: using plugin: version=5
2021-05-02T19:33:48.596-0500 [DEBUG] plugin.terraform-provider-todoist: plugin address: network=unix address=/var/folders/wz/p0_z1bsn3s51dvz1_tycg0rr0000gn/T/plugin865086203 timestamp=2021-05-02T19:33:48.596-0500
2021/05/02 19:33:48 [TRACE] BuiltinEvalContext: Initialized "provider[\"todoist.com/dev/todoist\"]" provider for provider["todoist.com/dev/todoist"]
2021/05/02 19:33:48 [TRACE] buildProviderConfig for provider["todoist.com/dev/todoist"]: using explicit config only
2021/05/02 19:33:48 [TRACE] GRPCProvider: GetSchema
2021-05-02T19:33:48.651-0500 [TRACE] plugin.stdio: waiting for stdio data
2021/05/02 19:33:48 [TRACE] GRPCProvider: Configure
2021/05/02 19:33:48 [TRACE] vertex "provider[\"todoist.com/dev/todoist\"]": visit complete
2021/05/02 19:33:48 [TRACE] dag/walk: visiting "todoist_task.this (expand)"
2021/05/02 19:33:48 [TRACE] vertex "todoist_task.this (expand)": starting visit (*terraform.nodeExpandApplyableResource)
2021/05/02 19:33:48 [TRACE] vertex "todoist_task.this (expand)": expanding dynamic subgraph
2021/05/02 19:33:48 [TRACE] vertex "todoist_task.this (expand)": entering dynamic subgraph
2021/05/02 19:33:48 [TRACE] dag/walk: visiting "todoist_task.this"
2021/05/02 19:33:48 [TRACE] vertex "todoist_task.this": starting visit (*terraform.NodeApplyableResource)
2021/05/02 19:33:48 [TRACE] vertex "todoist_task.this": visit complete
2021/05/02 19:33:48 [TRACE] vertex "todoist_task.this (expand)": dynamic subgraph completed successfully
2021/05/02 19:33:48 [TRACE] vertex "todoist_task.this (expand)": visit complete
2021/05/02 19:33:48 [TRACE] dag/walk: visiting "todoist_task.this"
2021/05/02 19:33:48 [TRACE] vertex "todoist_task.this": starting visit (*terraform.NodeApplyableResourceInstance)
2021/05/02 19:33:48 [TRACE] EvalReadDiff: Read Create change from plan for todoist_task.this
2021/05/02 19:33:48 [TRACE] EvalReadState: reading state for todoist_task.this
2021/05/02 19:33:48 [TRACE] EvalReadState: no state present for todoist_task.this
2021/05/02 19:33:48 [TRACE] EvalReadDiff: Read Create change from plan for todoist_task.this
2021/05/02 19:33:48 [TRACE] Re-validating config for "todoist_task.this"
2021/05/02 19:33:48 [TRACE] GRPCProvider: ValidateResourceTypeConfig
2021/05/02 19:33:48 [TRACE] GRPCProvider: PlanResourceChange
2021/05/02 19:33:48 [TRACE] EvalCheckPlannedChange: Verifying that actual change (action Create) matches planned change (action Create)
2021/05/02 19:33:48 [TRACE] EvalReadState: reading state for todoist_task.this
2021/05/02 19:33:48 [TRACE] EvalReadState: no state present for todoist_task.this
2021/05/02 19:33:48 [DEBUG] EvalApply: ProviderMeta config value set
2021/05/02 19:33:48 [DEBUG] todoist_task.this: applying the planned Create change
2021/05/02 19:33:48 [TRACE] GRPCProvider: ApplyResourceChange
2021-05-02T19:33:48.665-0500 [DEBUG] plugin.terraform-provider-todoist: panic: interface conversion: interface {} is []interface {}, not []string
2021-05-02T19:33:48.665-0500 [DEBUG] plugin.terraform-provider-todoist: 
2021-05-02T19:33:48.665-0500 [DEBUG] plugin.terraform-provider-todoist: goroutine 86 [running]:
2021-05-02T19:33:48.665-0500 [DEBUG] plugin.terraform-provider-todoist: terraform-provider-todolist/todoist.resourceToDoistCreateTask(0x19be560, 0xc0000cd020, 0xc0002d2a00, 0x186ac40, 0xc00017eac0, 0xc0001c4fb0, 0xc000373758, 0x12eeaee)
2021-05-02T19:33:48.665-0500 [DEBUG] plugin.terraform-provider-todoist: 	/Users/summit/DevOps/go/src/terraform-provider-todolist/todoist/resource_task.go:30 +0x447
2021-05-02T19:33:48.665-0500 [DEBUG] plugin.terraform-provider-todoist: github.com/hashicorp/terraform-plugin-sdk/v2/helper/schema.(*Resource).create(0xc0002fa0e0, 0x19be560, 0xc0000cd020, 0xc0002d2a00, 0x186ac40, 0xc00017eac0, 0x0, 0x0, 0x0)
2021-05-02T19:33:48.665-0500 [DEBUG] plugin.terraform-provider-todoist: 	/Users/summit/DevOps/go/pkg/mod/github.com/hashicorp/terraform-plugin-sdk/v2@v2.6.1/helper/schema/resource.go:330 +0x149
2021-05-02T19:33:48.665-0500 [DEBUG] plugin.terraform-provider-todoist: github.com/hashicorp/terraform-plugin-sdk/v2/helper/schema.(*Resource).Apply(0xc0002fa0e0, 0x19be4e0, 0xc00023e300, 0xc00014c460, 0xc00000e9a0, 0x186ac40, 0xc00017eac0, 0x0, 0x0, 0x0, ...)
2021-05-02T19:33:48.665-0500 [DEBUG] plugin.terraform-provider-todoist: 	/Users/summit/DevOps/go/pkg/mod/github.com/hashicorp/terraform-plugin-sdk/v2@v2.6.1/helper/schema/resource.go:456 +0x6a3
2021-05-02T19:33:48.665-0500 [DEBUG] plugin.terraform-provider-todoist: github.com/hashicorp/terraform-plugin-sdk/v2/helper/schema.(*GRPCProviderServer).ApplyResourceChange(0xc0002920e0, 0x19be4e0, 0xc00023e300, 0xc0001ea7d0, 0xc00023e300, 0xc0000cc800, 0x19cb520)
2021-05-02T19:33:48.665-0500 [DEBUG] plugin.terraform-provider-todoist: 	/Users/summit/DevOps/go/pkg/mod/github.com/hashicorp/terraform-plugin-sdk/v2@v2.6.1/helper/schema/grpc_provider.go:955 +0x8b8
2021-05-02T19:33:48.665-0500 [DEBUG] plugin.terraform-provider-todoist: github.com/hashicorp/terraform-plugin-go/tfprotov5/server.(*server).ApplyResourceChange(0xc000293f80, 0x19be4e0, 0xc00023e300, 0xc00014c230, 0xc000293f80, 0xc000173ec0, 0xc000248b58)
2021-05-02T19:33:48.665-0500 [DEBUG] plugin.terraform-provider-todoist: 	/Users/summit/DevOps/go/pkg/mod/github.com/hashicorp/terraform-plugin-go@v0.3.0/tfprotov5/server/server.go:332 +0xac
2021-05-02T19:33:48.665-0500 [DEBUG] plugin.terraform-provider-todoist: github.com/hashicorp/terraform-plugin-go/tfprotov5/internal/tfplugin5._Provider_ApplyResourceChange_Handler(0x18615e0, 0xc000293f80, 0x19be5a0, 0xc000173ec0, 0xc0000cc8a0, 0x0, 0x19be5a0, 0xc000173ec0, 0xc0003640c0, 0xb4)
2021-05-02T19:33:48.665-0500 [DEBUG] plugin.terraform-provider-todoist: 	/Users/summit/DevOps/go/pkg/mod/github.com/hashicorp/terraform-plugin-go@v0.3.0/tfprotov5/internal/tfplugin5/tfplugin5_grpc.pb.go:380 +0x217
2021-05-02T19:33:48.665-0500 [DEBUG] plugin.terraform-provider-todoist: google.golang.org/grpc.(*Server).processUnaryRPC(0xc0002b6380, 0x19c8900, 0xc000488600, 0xc000126200, 0xc00028c750, 0x1eeb780, 0x0, 0x0, 0x0)
2021-05-02T19:33:48.665-0500 [DEBUG] plugin.terraform-provider-todoist: 	/Users/summit/DevOps/go/pkg/mod/google.golang.org/grpc@v1.32.0/server.go:1194 +0x4fd
2021-05-02T19:33:48.665-0500 [DEBUG] plugin.terraform-provider-todoist: google.golang.org/grpc.(*Server).handleStream(0xc0002b6380, 0x19c8900, 0xc000488600, 0xc000126200, 0x0)
2021-05-02T19:33:48.665-0500 [DEBUG] plugin.terraform-provider-todoist: 	/Users/summit/DevOps/go/pkg/mod/google.golang.org/grpc@v1.32.0/server.go:1517 +0xd57
2021-05-02T19:33:48.665-0500 [DEBUG] plugin.terraform-provider-todoist: google.golang.org/grpc.(*Server).serveStreams.func1.2(0xc00003a270, 0xc0002b6380, 0x19c8900, 0xc000488600, 0xc000126200)
2021-05-02T19:33:48.665-0500 [DEBUG] plugin.terraform-provider-todoist: 	/Users/summit/DevOps/go/pkg/mod/google.golang.org/grpc@v1.32.0/server.go:859 +0xbb
2021-05-02T19:33:48.665-0500 [DEBUG] plugin.terraform-provider-todoist: created by google.golang.org/grpc.(*Server).serveStreams.func1
2021-05-02T19:33:48.665-0500 [DEBUG] plugin.terraform-provider-todoist: 	/Users/summit/DevOps/go/pkg/mod/google.golang.org/grpc@v1.32.0/server.go:857 +0x204
2021-05-02T19:33:48.666-0500 [WARN]  plugin.stdio: received EOF, stopping recv loop: err="rpc error: code = Unavailable desc = transport is closing"
2021-05-02T19:33:48.666-0500 [DEBUG] plugin: plugin process exited: path=.terraform/providers/todoist.com/dev/todoist/0.1.0/darwin_amd64/terraform-provider-todoist pid=30292 error="exit status 2"
2021/05/02 19:33:48 [DEBUG] todoist_task.this: apply errored, but we're indicating that via the Error pointer rather than returning it: rpc error: code = Unavailable desc = transport is closing
2021/05/02 19:33:48 [TRACE] EvalMaybeTainted: todoist_task.this encountered an error during creation, so it is now marked as tainted
2021/05/02 19:33:48 [TRACE] EvalWriteState: removing state object for todoist_task.this
2021/05/02 19:33:48 [TRACE] EvalApplyProvisioners: todoist_task.this has no state, so skipping provisioners
2021/05/02 19:33:48 [TRACE] EvalMaybeTainted: todoist_task.this encountered an error during creation, so it is now marked as tainted
2021/05/02 19:33:48 [TRACE] EvalWriteState: removing state object for todoist_task.this
2021/05/02 19:33:48 [TRACE] vertex "todoist_task.this": visit complete
2021/05/02 19:33:48 [TRACE] dag/walk: upstream of "provider[\"todoist.com/dev/todoist\"] (close)" errored, so skipping
2021/05/02 19:33:48 [TRACE] dag/walk: upstream of "meta.count-boundary (EachMode fixup)" errored, so skipping
2021/05/02 19:33:48 [TRACE] dag/walk: upstream of "root" errored, so skipping
2021/05/02 19:33:48 [TRACE] statemgr.Filesystem: not making a backup, because the new snapshot is identical to the old
2021/05/02 19:33:48 [TRACE] statemgr.Filesystem: no state changes since last snapshot
2021/05/02 19:33:48 [TRACE] statemgr.Filesystem: writing snapshot at terraform.tfstate
2021/05/02 19:33:48 [TRACE] statemgr.Filesystem: removing lock metadata file .terraform.tfstate.lock.info
2021/05/02 19:33:48 [TRACE] statemgr.Filesystem: unlocking terraform.tfstate using fcntl flock
2021-05-02T19:33:48.677-0500 [DEBUG] plugin: plugin exited
